This is pdfTeX, Version 3.14159265-2.6-1.40.15 (TeX Live 2014) (preloaded format=pdflatex 2014.5.25)  24 MAR 2015 15:09
entering extended mode
 restricted \write18 enabled.
 %&-line parsing enabled.
**HW1.tex
(./HW1.tex
LaTeX2e <2014/05/01>
Babel <3.9k> and hyphenation patterns for 78 languages loaded.
(/usr/local/texlive/2014/texmf-dist/tex/latex/base/article.cls
Document Class: article 2007/10/19 v1.4h Standard LaTeX document class
(/usr/local/texlive/2014/texmf-dist/tex/latex/base/size10.clo
File: size10.clo 2007/10/19 v1.4h Standard LaTeX file (size option)
)
\c@part=\count79
\c@section=\count80
\c@subsection=\count81
\c@subsubsection=\count82
\c@paragraph=\count83
\c@subparagraph=\count84
\c@figure=\count85
\c@table=\count86
\abovecaptionskip=\skip41
\belowcaptionskip=\skip42
\bibindent=\dimen102
)
(/usr/local/texlive/2014/texmf-dist/tex/latex/relsize/relsize.sty
Package: relsize 2013/03/29 ver 4.1
)

LaTeX Warning: Unused global option(s):
    [ruled].

(./HW1.aux)
\openout1 = `HW1.aux'.

LaTeX Font Info:    Checking defaults for OML/cmm/m/it on input line 4.
LaTeX Font Info:    ... okay on input line 4.
LaTeX Font Info:    Checking defaults for T1/cmr/m/n on input line 4.
LaTeX Font Info:    ... okay on input line 4.
LaTeX Font Info:    Checking defaults for OT1/cmr/m/n on input line 4.
LaTeX Font Info:    ... okay on input line 4.
LaTeX Font Info:    Checking defaults for OMS/cmsy/m/n on input line 4.
LaTeX Font Info:    ... okay on input line 4.
LaTeX Font Info:    Checking defaults for OMX/cmex/m/n on input line 4.
LaTeX Font Info:    ... okay on input line 4.
LaTeX Font Info:    Checking defaults for U/cmr/m/n on input line 4.
LaTeX Font Info:    ... okay on input line 4.

Underfull \hbox (badness 10000) in paragraph at lines 5--9

 []


Underfull \hbox (badness 10000) in paragraph at lines 5--9

 []


Overfull \hbox (5.4972pt too wide) in paragraph at lines 31--31
 []\OT1/cmtt/m/n/10 3. When we think about a single aggregate measure to summar
ize[] 
 []


Overfull \hbox (10.74715pt too wide) in paragraph at lines 31--31
 []\OT1/cmtt/m/n/10 the distances between the nodes in a given graph, there are
 two[] 
 []


Overfull \hbox (15.9971pt too wide) in paragraph at lines 31--31
 []\OT1/cmtt/m/n/10 natural quantities that come to mind. One is the diameter, 
which[] 
 []


Overfull \hbox (5.4972pt too wide) in paragraph at lines 31--31
 []\OT1/cmtt/m/n/10 we define to be the maximum distance between any pair of no
des[] 
 []

Missing character: There is no Ã in font cmtt10!
Missing character: There is no ‘ in font cmtt10!

Overfull \hbox (21.24706pt too wide) in paragraph at lines 31--31
 []\OT1/cmtt/m/n/10 in the graph. Another is the average distance, which  as th
e term[] 
 []

Missing character: There is no Ã in font cmtt10!
Missing character: There is no ‘ in font cmtt10!

Overfull \hbox (15.9971pt too wide) in paragraph at lines 31--31
 []\OT1/cmtt/m/n/10 suggests  is the average distance over all pairs of nodes i
n the[] 
 []


Overfull \hbox (31.74696pt too wide) in paragraph at lines 31--31
 []\OT1/cmtt/m/n/10 graph. In many graphs, these two quantities are close to ea
ch other[] 
 []


Overfull \hbox (15.9971pt too wide) in paragraph at lines 31--31
 []\OT1/cmtt/m/n/10 in value. But there are graphs where they can be very diffe
rent.[] 
 []


Overfull \hbox (0.24724pt too wide) in paragraph at lines 31--31
 []\OT1/cmtt/m/n/10 (a) Describe an example of a graph where the diameter is mo
re[] 
 []


Overfull \hbox (31.74696pt too wide) in paragraph at lines 31--31
 []\OT1/cmtt/m/n/10 than three times as large as the average distance. (b) Desc
ribe how[] 
 []


Overfull \hbox (0.24724pt too wide) in paragraph at lines 31--31
 []\OT1/cmtt/m/n/10 you could extend your construction to produce graphs in whi
ch[] 
 []


Overfull \hbox (21.24706pt too wide) in paragraph at lines 31--31
 []\OT1/cmtt/m/n/10 the diameter exceeds the average distance by as large a fac
tor as[] 
 []

Missing character: There is no Ã in font cmtt10!
Missing character: There is no • in font cmtt10!

Overfull \hbox (15.9971pt too wide) in paragraph at lines 31--31
 []\OT1/cmtt/m/n/10 youd like. (That is, for every number c, can you produce a 
graph[] 
 []


Overfull \hbox (26.49701pt too wide) in paragraph at lines 31--31
 []\OT1/cmtt/m/n/10 in which the diameter is more than c times as large as the 
average[] 
 []


Underfull \hbox (badness 10000) in paragraph at lines 32--33

 []

LaTeX Font Info:    External font `cmex10' loaded for size
(Font)              <7> on input line 34.
LaTeX Font Info:    External font `cmex10' loaded for size
(Font)              <5> on input line 34.

Underfull \hbox (badness 10000) in paragraph at lines 39--47

 []


Underfull \hbox (badness 10000) in paragraph at lines 39--47

 []

LaTeX Font Info:    External font `cmex10' loaded for size
(Font)              <17.28> on input line 51.
LaTeX Font Info:    External font `cmex10' loaded for size
(Font)              <12> on input line 51.

Underfull \hbox (badness 10000) in paragraph at lines 48--53

 []


Underfull \hbox (badness 10000) in paragraph at lines 48--53

 []


Underfull \hbox (badness 10000) in paragraph at lines 48--53

 []

[1

{/usr/local/texlive/2014/texmf-var/fonts/map/pdftex/updmap/pdftex.map}]
Underfull \hbox (badness 10000) in paragraph at lines 53--58

 []


Underfull \hbox (badness 10000) in paragraph at lines 53--58

 []


Underfull \hbox (badness 10000) in paragraph at lines 53--58

 []


Overfull \hbox (10.74715pt too wide) in paragraph at lines 71--71
 []\OT1/cmtt/m/n/10 4. In the social network depicted in Figure 3.23 with each 
edge[] 
 []


Overfull \hbox (31.74696pt too wide) in paragraph at lines 71--71
 []\OT1/cmtt/m/n/10 labeled as either a strong or weak tie, which two nodes vio
late the[] 
 []


Overfull \hbox (15.9971pt too wide) in paragraph at lines 71--71
 []\OT1/cmtt/m/n/10 Strong Triadic Closure Property? Provide an explanation for
 your[] 
 []


Underfull \hbox (badness 10000) in paragraph at lines 72--74

 []


Overfull \hbox (15.9971pt too wide) in paragraph at lines 81--81
 []\OT1/cmtt/m/n/10 5. In the social network depicted in Figure 3.24, with each
 edge[] 
 []


Overfull \hbox (10.74715pt too wide) in paragraph at lines 81--81
 []\OT1/cmtt/m/n/10 labeled as either a strong or weak tie, which nodes satisfy
 the[] 
 []

[2] (./HW1.aux) ) 
Here is how much of TeX's memory you used:
 285 strings out of 493117
 3175 string characters out of 6135433
 57909 words of memory out of 5000000
 3823 multiletter control sequences out of 15000+600000
 6289 words of font info for 23 fonts, out of 8000000 for 9000
 1141 hyphenation exceptions out of 8191
 23i,4n,17p,314b,231s stack positions out of 5000i,500n,10000p,200000b,80000s
</usr/local/texlive/2014/texmf-dist/fonts/type1/public/amsfont
s/cm/cmbx10.pfb></usr/local/texlive/2014/texmf-dist/fonts/type1/public/amsfonts
/cm/cmmi10.pfb></usr/local/texlive/2014/texmf-dist/fonts/type1/public/amsfonts/
cm/cmmi12.pfb></usr/local/texlive/2014/texmf-dist/fonts/type1/public/amsfonts/c
m/cmmi7.pfb></usr/local/texlive/2014/texmf-dist/fonts/type1/public/amsfonts/cm/
cmr10.pfb></usr/local/texlive/2014/texmf-dist/fonts/type1/public/amsfonts/cm/cm
r12.pfb></usr/local/texlive/2014/texmf-dist/fonts/type1/public/amsfonts/cm/cmr1
7.pfb></usr/local/texlive/2014/texmf-dist/fonts/type1/public/amsfonts/cm/cmr7.p
fb></usr/local/texlive/2014/texmf-dist/fonts/type1/public/amsfonts/cm/cmsy10.pf
b></usr/local/texlive/2014/texmf-dist/fonts/type1/public/amsfonts/cm/cmti10.pfb
></usr/local/texlive/2014/texmf-dist/fonts/type1/public/amsfonts/cm/cmtt10.pfb>

Output written on HW1.pdf (2 pages, 118710 bytes).
PDF statistics:
 55 PDF objects out of 1000 (max. 8388607)
 39 compressed objects within 1 object stream
 0 named destinations out of 1000 (max. 500000)
 1 words of extra memory for PDF output out of 10000 (max. 10000000)

