This is pdfTeX, Version 3.14159265-2.6-1.40.15 (TeX Live 2014) (preloaded format=pdflatex 2014.5.25)  30 SEP 2014 22:33
entering extended mode
 restricted \write18 enabled.
 %&-line parsing enabled.
**ps3.tex
(./ps3.tex
LaTeX2e <2014/05/01>
Babel <3.9k> and hyphenation patterns for 78 languages loaded.
(/usr/local/texlive/2014/texmf-dist/tex/latex/base/article.cls
Document Class: article 2007/10/19 v1.4h Standard LaTeX document class
(/usr/local/texlive/2014/texmf-dist/tex/latex/base/size11.clo
File: size11.clo 2007/10/19 v1.4h Standard LaTeX file (size option)
)
\c@part=\count79
\c@section=\count80
\c@subsection=\count81
\c@subsubsection=\count82
\c@paragraph=\count83
\c@subparagraph=\count84
\c@figure=\count85
\c@table=\count86
\abovecaptionskip=\skip41
\belowcaptionskip=\skip42
\bibindent=\dimen102
)
(/usr/local/texlive/2014/texmf-dist/tex/latex/amsfonts/amsfonts.sty
Package: amsfonts 2013/01/14 v3.01 Basic AMSFonts support
\@emptytoks=\toks14
\symAMSa=\mathgroup4
\symAMSb=\mathgroup5
LaTeX Font Info:    Overwriting math alphabet `\mathfrak' in version `bold'
(Font)                  U/euf/m/n --> U/euf/b/n on input line 106.
)
(/usr/local/texlive/2014/texmf-dist/tex/latex/amsmath/amsmath.sty
Package: amsmath 2013/01/14 v2.14 AMS math features
\@mathmargin=\skip43

For additional information on amsmath, use the `?' option.
(/usr/local/texlive/2014/texmf-dist/tex/latex/amsmath/amstext.sty
Package: amstext 2000/06/29 v2.01

(/usr/local/texlive/2014/texmf-dist/tex/latex/amsmath/amsgen.sty
File: amsgen.sty 1999/11/30 v2.0
\@emptytoks=\toks15
\ex@=\dimen103
))
(/usr/local/texlive/2014/texmf-dist/tex/latex/amsmath/amsbsy.sty
Package: amsbsy 1999/11/29 v1.2d
\pmbraise@=\dimen104
)
(/usr/local/texlive/2014/texmf-dist/tex/latex/amsmath/amsopn.sty
Package: amsopn 1999/12/14 v2.01 operator names
)
\inf@bad=\count87
LaTeX Info: Redefining \frac on input line 210.
\uproot@=\count88
\leftroot@=\count89
LaTeX Info: Redefining \overline on input line 306.
\classnum@=\count90
\DOTSCASE@=\count91
LaTeX Info: Redefining \ldots on input line 378.
LaTeX Info: Redefining \dots on input line 381.
LaTeX Info: Redefining \cdots on input line 466.
\Mathstrutbox@=\box26
\strutbox@=\box27
\big@size=\dimen105
LaTeX Font Info:    Redeclaring font encoding OML on input line 566.
LaTeX Font Info:    Redeclaring font encoding OMS on input line 567.
\macc@depth=\count92
\c@MaxMatrixCols=\count93
\dotsspace@=\muskip10
\c@parentequation=\count94
\dspbrk@lvl=\count95
\tag@help=\toks16
\row@=\count96
\column@=\count97
\maxfields@=\count98
\andhelp@=\toks17
\eqnshift@=\dimen106
\alignsep@=\dimen107
\tagshift@=\dimen108
\tagwidth@=\dimen109
\totwidth@=\dimen110
\lineht@=\dimen111
\@envbody=\toks18
\multlinegap=\skip44
\multlinetaggap=\skip45
\mathdisplay@stack=\toks19
LaTeX Info: Redefining \[ on input line 2665.
LaTeX Info: Redefining \] on input line 2666.
)
(/usr/local/texlive/2014/texmf-dist/tex/latex/amscls/amsthm.sty
Package: amsthm 2004/08/06 v2.20
\thm@style=\toks20
\thm@bodyfont=\toks21
\thm@headfont=\toks22
\thm@notefont=\toks23
\thm@headpunct=\toks24
\thm@preskip=\skip46
\thm@postskip=\skip47
\thm@headsep=\skip48
\dth@everypar=\toks25
)
(/usr/local/texlive/2014/texmf-dist/tex/latex/amsfonts/amssymb.sty
Package: amssymb 2013/01/14 v3.01 AMS font symbols
)
(/usr/local/texlive/2014/texmf-dist/tex/latex/base/latexsym.sty
Package: latexsym 1998/08/17 v2.2e Standard LaTeX package (lasy symbols)
\symlasy=\mathgroup6
LaTeX Font Info:    Overwriting symbol font `lasy' in version `bold'
(Font)                  U/lasy/m/n --> U/lasy/b/n on input line 47.
)
(/usr/local/texlive/2014/texmf-dist/tex/latex/listings/listings.sty
(/usr/local/texlive/2014/texmf-dist/tex/latex/graphics/keyval.sty
Package: keyval 2014/05/08 v1.15 key=value parser (DPC)
\KV@toks@=\toks26
)
\lst@mode=\count99
\lst@gtempboxa=\box28
\lst@token=\toks27
\lst@length=\count100
\lst@currlwidth=\dimen112
\lst@column=\count101
\lst@pos=\count102
\lst@lostspace=\dimen113
\lst@width=\dimen114
\lst@newlines=\count103
\lst@lineno=\count104
\lst@maxwidth=\dimen115

(/usr/local/texlive/2014/texmf-dist/tex/latex/listings/lstmisc.sty
File: lstmisc.sty 2014/03/04 1.5c (Carsten Heinz)
\c@lstnumber=\count105
\lst@skipnumbers=\count106
\lst@framebox=\box29
)
(/usr/local/texlive/2014/texmf-dist/tex/latex/listings/listings.cfg
File: listings.cfg 2014/03/04 1.5c listings configuration
))
Package: listings 2014/03/04 1.5c (Carsten Heinz)

(/usr/local/texlive/2014/texmf-dist/tex/generic/genmisc/nth.sty
Package: nth 2002/02/27
)
\c@pppp=\count107
 (./ps3.aux)
\openout1 = `ps3.aux'.

LaTeX Font Info:    Checking defaults for OML/cmm/m/it on input line 130.
LaTeX Font Info:    ... okay on input line 130.
LaTeX Font Info:    Checking defaults for T1/cmr/m/n on input line 130.
LaTeX Font Info:    ... okay on input line 130.
LaTeX Font Info:    Checking defaults for OT1/cmr/m/n on input line 130.
LaTeX Font Info:    ... okay on input line 130.
LaTeX Font Info:    Checking defaults for OMS/cmsy/m/n on input line 130.
LaTeX Font Info:    ... okay on input line 130.
LaTeX Font Info:    Checking defaults for OMX/cmex/m/n on input line 130.
LaTeX Font Info:    ... okay on input line 130.
LaTeX Font Info:    Checking defaults for U/cmr/m/n on input line 130.
LaTeX Font Info:    ... okay on input line 130.
\c@lstlisting=\count108
LaTeX Font Info:    Try loading font information for U+msa on input line 150.

(/usr/local/texlive/2014/texmf-dist/tex/latex/amsfonts/umsa.fd
File: umsa.fd 2013/01/14 v3.01 AMS symbols A
)
LaTeX Font Info:    Try loading font information for U+msb on input line 150.

(/usr/local/texlive/2014/texmf-dist/tex/latex/amsfonts/umsb.fd
File: umsb.fd 2013/01/14 v3.01 AMS symbols B
)
LaTeX Font Info:    Try loading font information for U+lasy on input line 150.

(/usr/local/texlive/2014/texmf-dist/tex/latex/base/ulasy.fd
File: ulasy.fd 1998/08/17 v2.2e LaTeX symbol font definitions
)
Underfull \hbox (badness 10000) in paragraph at lines 167--171

 []


Underfull \hbox (badness 10000) in paragraph at lines 167--171

 []


Underfull \hbox (badness 10000) in paragraph at lines 184--185

 []


Underfull \hbox (badness 10000) in paragraph at lines 188--189

 []

[1

{/usr/local/texlive/2014/texmf-var/fonts/map/pdftex/updmap/pdftex.map}]
Underfull \hbox (badness 10000) in paragraph at lines 191--194

 []


Underfull \hbox (badness 10000) in paragraph at lines 199--201

 []

LaTeX Font Info:    Try loading font information for OML+cmr on input line 204.

(/usr/local/texlive/2014/texmf-dist/tex/latex/base/omlcmr.fd
File: omlcmr.fd 1999/05/25 v2.5h Standard LaTeX font definitions
)
LaTeX Font Info:    Font shape `OML/cmr/m/n' in size <10.95> not available
(Font)              Font shape `OML/cmm/m/it' tried instead on input line 204.
LaTeX Font Info:    Try loading font information for OMS+cmr on input line 205.


(/usr/local/texlive/2014/texmf-dist/tex/latex/base/omscmr.fd
File: omscmr.fd 1999/05/25 v2.5h Standard LaTeX font definitions
)
LaTeX Font Info:    Font shape `OMS/cmr/m/n' in size <10.95> not available
(Font)              Font shape `OMS/cmsy/m/n' tried instead on input line 205.

Overfull \hbox (240.4862pt too wide) in paragraph at lines 210--214
[]
 []


Underfull \hbox (badness 10000) in paragraph at lines 210--214

 []


Underfull \hbox (badness 10000) in paragraph at lines 227--231

 []


Underfull \hbox (badness 10000) in paragraph at lines 227--231

 []


Underfull \hbox (badness 10000) in paragraph at lines 231--233

 []

[2]
Underfull \hbox (badness 10000) in paragraph at lines 245--254

 []


Underfull \hbox (badness 10000) in paragraph at lines 245--254

 []


Underfull \hbox (badness 10000) in paragraph at lines 245--254

 []


Underfull \hbox (badness 10000) in paragraph at lines 245--254

 []


Underfull \hbox (badness 10000) in paragraph at lines 245--254

 []


Underfull \hbox (badness 10000) in paragraph at lines 245--254

 []


Underfull \hbox (badness 10000) in paragraph at lines 245--254

 []


Underfull \hbox (badness 10000) in paragraph at lines 245--254

 []


Underfull \hbox (badness 10000) in paragraph at lines 245--254

 []


Underfull \hbox (badness 10000) in paragraph at lines 245--254

 []

[3]
Underfull \hbox (badness 10000) in paragraph at lines 268--270

 []


Underfull \hbox (badness 10000) in paragraph at lines 268--270

 []


Underfull \hbox (badness 10000) in paragraph at lines 284--287

 []

[4]
Underfull \hbox (badness 10000) in paragraph at lines 313--316

 []


Underfull \hbox (badness 10000) in paragraph at lines 313--316

 []


Underfull \hbox (badness 10000) in paragraph at lines 313--316

 []


Underfull \hbox (badness 10000) in paragraph at lines 317--320

 []


Underfull \hbox (badness 10000) in paragraph at lines 329--331

 []


Underfull \hbox (badness 10000) in paragraph at lines 329--331

 []

[1] [2]
Underfull \hbox (badness 10000) in paragraph at lines 391--394

 []


Underfull \hbox (badness 10000) in paragraph at lines 395--397

 []


Underfull \hbox (badness 10000) in paragraph at lines 395--397

 []

[1]
Underfull \hbox (badness 10000) in paragraph at lines 412--419

 []


Underfull \hbox (badness 10000) in paragraph at lines 412--419

 []


Underfull \hbox (badness 10000) in paragraph at lines 412--419

 []


Underfull \hbox (badness 10000) in paragraph at lines 412--419

 []

[1]
Underfull \hbox (badness 10000) in paragraph at lines 436--440

 []


Underfull \hbox (badness 10000) in paragraph at lines 436--440

 []

[2]
Underfull \hbox (badness 10000) in paragraph at lines 483--486

 []


Underfull \hbox (badness 10000) in paragraph at lines 483--486

 []

[3]
Underfull \hbox (badness 10000) in paragraph at lines 498--501

 []


Underfull \hbox (badness 10000) in paragraph at lines 502--503

 []


Underfull \hbox (badness 10000) in paragraph at lines 504--506

 []


Underfull \hbox (badness 10000) in paragraph at lines 504--506

 []


Underfull \hbox (badness 10000) in paragraph at lines 504--506

 []

[1] [2] (./ps3.aux) ) 
Here is how much of TeX's memory you used:
 2543 strings out of 493117
 33198 string characters out of 6135433
 104191 words of memory out of 5000000
 5997 multiletter control sequences out of 15000+600000
 14886 words of font info for 63 fonts, out of 8000000 for 9000
 1141 hyphenation exceptions out of 8191
 27i,9n,32p,844b,1543s stack positions out of 5000i,500n,10000p,200000b,80000s
</usr/local/texlive/2014/texmf-dist/fonts/type1/public/ams
fonts/cm/cmbx10.pfb></usr/local/texlive/2014/texmf-dist/fonts/type1/public/amsf
onts/cm/cmbx12.pfb></usr/local/texlive/2014/texmf-dist/fonts/type1/public/amsfo
nts/cm/cmex10.pfb></usr/local/texlive/2014/texmf-dist/fonts/type1/public/amsfon
ts/cm/cmmi10.pfb></usr/local/texlive/2014/texmf-dist/fonts/type1/public/amsfont
s/cm/cmmi12.pfb></usr/local/texlive/2014/texmf-dist/fonts/type1/public/amsfonts
/cm/cmmi8.pfb></usr/local/texlive/2014/texmf-dist/fonts/type1/public/amsfonts/c
m/cmmi9.pfb></usr/local/texlive/2014/texmf-dist/fonts/type1/public/amsfonts/cm/
cmr10.pfb></usr/local/texlive/2014/texmf-dist/fonts/type1/public/amsfonts/cm/cm
r12.pfb></usr/local/texlive/2014/texmf-dist/fonts/type1/public/amsfonts/cm/cmr6
.pfb></usr/local/texlive/2014/texmf-dist/fonts/type1/public/amsfonts/cm/cmr8.pf
b></usr/local/texlive/2014/texmf-dist/fonts/type1/public/amsfonts/cm/cmr9.pfb><
/usr/local/texlive/2014/texmf-dist/fonts/type1/public/amsfonts/cm/cmsy10.pfb></
usr/local/texlive/2014/texmf-dist/fonts/type1/public/amsfonts/cm/cmsy8.pfb></us
r/local/texlive/2014/texmf-dist/fonts/type1/public/amsfonts/cm/cmsy9.pfb></usr/
local/texlive/2014/texmf-dist/fonts/type1/public/amsfonts/cm/cmti10.pfb>
Output written on ps3.pdf (12 pages, 208961 bytes).
PDF statistics:
 107 PDF objects out of 1000 (max. 8388607)
 76 compressed objects within 1 object stream
 0 named destinations out of 1000 (max. 500000)
 1 words of extra memory for PDF output out of 10000 (max. 10000000)

