This is pdfTeX, Version 3.14159265-2.6-1.40.15 (TeX Live 2014) (preloaded format=pdflatex 2014.5.25)  6 APR 2015 18:17
entering extended mode
 restricted \write18 enabled.
 %&-line parsing enabled.
**HW2.tex
(./HW2.tex
LaTeX2e <2014/05/01>
Babel <3.9k> and hyphenation patterns for 78 languages loaded.
(/usr/local/texlive/2014/texmf-dist/tex/latex/base/article.cls
Document Class: article 2007/10/19 v1.4h Standard LaTeX document class
(/usr/local/texlive/2014/texmf-dist/tex/latex/base/size10.clo
File: size10.clo 2007/10/19 v1.4h Standard LaTeX file (size option)
)
\c@part=\count79
\c@section=\count80
\c@subsection=\count81
\c@subsubsection=\count82
\c@paragraph=\count83
\c@subparagraph=\count84
\c@figure=\count85
\c@table=\count86
\abovecaptionskip=\skip41
\belowcaptionskip=\skip42
\bibindent=\dimen102
)
(/usr/local/texlive/2014/texmf-dist/tex/latex/relsize/relsize.sty
Package: relsize 2013/03/29 ver 4.1
)

LaTeX Warning: Unused global option(s):
    [ruled].

(./HW2.aux)
\openout1 = `HW2.aux'.

LaTeX Font Info:    Checking defaults for OML/cmm/m/it on input line 4.
LaTeX Font Info:    ... okay on input line 4.
LaTeX Font Info:    Checking defaults for T1/cmr/m/n on input line 4.
LaTeX Font Info:    ... okay on input line 4.
LaTeX Font Info:    Checking defaults for OT1/cmr/m/n on input line 4.
LaTeX Font Info:    ... okay on input line 4.
LaTeX Font Info:    Checking defaults for OMS/cmsy/m/n on input line 4.
LaTeX Font Info:    ... okay on input line 4.
LaTeX Font Info:    Checking defaults for OMX/cmex/m/n on input line 4.
LaTeX Font Info:    ... okay on input line 4.
LaTeX Font Info:    Checking defaults for U/cmr/m/n on input line 4.
LaTeX Font Info:    ... okay on input line 4.

Underfull \hbox (badness 10000) in paragraph at lines 5--9

 []


Underfull \hbox (badness 10000) in paragraph at lines 5--9

 []


Overfull \hbox (5.4972pt too wide) in paragraph at lines 22--22
 []\OT1/cmtt/m/n/10 1. Consider the set of 18 Web pages drawn in Figure 13.8, w
ith[] 
 []


Overfull \hbox (26.49701pt too wide) in paragraph at lines 22--22
 []\OT1/cmtt/m/n/10 links forming a directed graph. Which nodes constitute the 
largest[] 
 []


Overfull \hbox (15.9971pt too wide) in paragraph at lines 22--22
 []\OT1/cmtt/m/n/10 strongly connected component (SCC) in this graph? Taking th
is as[] 
 []


Overfull \hbox (0.24724pt too wide) in paragraph at lines 22--22
 []\OT1/cmtt/m/n/10 the giant SCC, which nodes then belong to the sets IN and O
UT[] 
 []


Overfull \hbox (26.49701pt too wide) in paragraph at lines 22--22
 []\OT1/cmtt/m/n/10 defined in Section 13.4? Which nodes belong to the tendrils
 of the[] 
 []


Underfull \hbox (badness 10000) in paragraph at lines 23--24

 []

LaTeX Font Info:    External font `cmex10' loaded for size
(Font)              <14.4> on input line 25.
LaTeX Font Info:    External font `cmex10' loaded for size
(Font)              <7> on input line 25.

Underfull \hbox (badness 10000) in paragraph at lines 25--26

 []


Underfull \hbox (badness 10000) in paragraph at lines 25--26

 []


Underfull \hbox (badness 10000) in paragraph at lines 27--28

 []


Underfull \hbox (badness 10000) in paragraph at lines 27--28

 []


Underfull \hbox (badness 10000) in paragraph at lines 29--32

 []


Underfull \hbox (badness 10000) in paragraph at lines 29--32

 []


Overfull \hbox (10.74715pt too wide) in paragraph at lines 46--46
 []\OT1/cmtt/m/n/10 4. Figure 14.21 depicts the links among 6 Web pages, and al
so a[] 
 []


Overfull \hbox (36.99692pt too wide) in paragraph at lines 46--46
 []\OT1/cmtt/m/n/10 next to the node. Are these correct equilibrium values for 
the Basic[] 
 []


Overfull \hbox (21.24706pt too wide) in paragraph at lines 46--46
 []\OT1/cmtt/m/n/10 PageRank Update Rule? Give a brief (1-3 sentence) explanati
on for[] 
 []

LaTeX Font Info:    External font `cmex10' loaded for size
(Font)              <5> on input line 58.

Underfull \hbox (badness 10000) in paragraph at lines 47--59

 []


Underfull \hbox (badness 10000) in paragraph at lines 47--59

 []


Underfull \hbox (badness 10000) in paragraph at lines 47--59

 []

[1

{/usr/local/texlive/2014/texmf-var/fonts/map/pdftex/updmap/pdftex.map}]
[2] (./HW2.aux) ) 
Here is how much of TeX's memory you used:
 278 strings out of 493117
 3086 string characters out of 6135433
 57909 words of memory out of 5000000
 3818 multiletter control sequences out of 15000+600000
 5029 words of font info for 19 fonts, out of 8000000 for 9000
 1141 hyphenation exceptions out of 8191
 23i,4n,17p,274b,200s stack positions out of 5000i,500n,10000p,200000b,80000s
</usr/local/texlive/2014/texmf-dist/fonts/type1/public/amsfont
s/cm/cmbx10.pfb></usr/local/texlive/2014/texmf-dist/fonts/type1/public/amsfonts
/cm/cmmi10.pfb></usr/local/texlive/2014/texmf-dist/fonts/type1/public/amsfonts/
cm/cmmi12.pfb></usr/local/texlive/2014/texmf-dist/fonts/type1/public/amsfonts/c
m/cmr10.pfb></usr/local/texlive/2014/texmf-dist/fonts/type1/public/amsfonts/cm/
cmr12.pfb></usr/local/texlive/2014/texmf-dist/fonts/type1/public/amsfonts/cm/cm
tt10.pfb>
Output written on HW2.pdf (2 pages, 77621 bytes).
PDF statistics:
 35 PDF objects out of 1000 (max. 8388607)
 24 compressed objects within 1 object stream
 0 named destinations out of 1000 (max. 500000)
 1 words of extra memory for PDF output out of 10000 (max. 10000000)

