This is pdfTeX, Version 3.14159265-2.6-1.40.15 (TeX Live 2014) (preloaded format=pdflatex 2014.5.25)  25 FEB 2015 19:43
entering extended mode
 restricted \write18 enabled.
 %&-line parsing enabled.
**HW2.tex
(./HW2.tex
LaTeX2e <2014/05/01>
Babel <3.9k> and hyphenation patterns for 78 languages loaded.
(/usr/local/texlive/2014/texmf-dist/tex/latex/base/article.cls
Document Class: article 2007/10/19 v1.4h Standard LaTeX document class
(/usr/local/texlive/2014/texmf-dist/tex/latex/base/size10.clo
File: size10.clo 2007/10/19 v1.4h Standard LaTeX file (size option)
)
\c@part=\count79
\c@section=\count80
\c@subsection=\count81
\c@subsubsection=\count82
\c@paragraph=\count83
\c@subparagraph=\count84
\c@figure=\count85
\c@table=\count86
\abovecaptionskip=\skip41
\belowcaptionskip=\skip42
\bibindent=\dimen102
)
(/usr/local/texlive/2014/texmf-dist/tex/latex/relsize/relsize.sty
Package: relsize 2013/03/29 ver 4.1
)

LaTeX Warning: Unused global option(s):
    [ruled].

(./HW2.aux)
\openout1 = `HW2.aux'.

LaTeX Font Info:    Checking defaults for OML/cmm/m/it on input line 4.
LaTeX Font Info:    ... okay on input line 4.
LaTeX Font Info:    Checking defaults for T1/cmr/m/n on input line 4.
LaTeX Font Info:    ... okay on input line 4.
LaTeX Font Info:    Checking defaults for OT1/cmr/m/n on input line 4.
LaTeX Font Info:    ... okay on input line 4.
LaTeX Font Info:    Checking defaults for OMS/cmsy/m/n on input line 4.
LaTeX Font Info:    ... okay on input line 4.
LaTeX Font Info:    Checking defaults for OMX/cmex/m/n on input line 4.
LaTeX Font Info:    ... okay on input line 4.
LaTeX Font Info:    Checking defaults for U/cmr/m/n on input line 4.
LaTeX Font Info:    ... okay on input line 4.

Underfull \hbox (badness 10000) in paragraph at lines 5--8

 []


Underfull \hbox (badness 10000) in paragraph at lines 5--8

 []


Overfull \hbox (68.49664pt too wide) in paragraph at lines 18--18
 []                         \OT1/cmtt/m/n/10 [Nominal   [Nominal  [Nominal  [No
un "airlines"]][] 
 []


Overfull \hbox (31.74696pt too wide) in paragraph at lines 18--18
 []                                         \OT1/cmtt/m/n/10 [PP   [Preposition
 "with"][] 
 []


Overfull \hbox (105.24632pt too wide) in paragraph at lines 18--18
 []                                                 \OT1/cmtt/m/n/10 [NP [Nomin
al [Noun "flights"]]]][] 
 []


Overfull \hbox (15.9971pt too wide) in paragraph at lines 18--18
 []                                 \OT1/cmtt/m/n/10 [NP [Proper Noun "Boston"]
]]]]][] 
 []


Overfull \hbox (15.9971pt too wide) in paragraph at lines 30--30
 []                                                \OT1/cmtt/m/n/10 [PP  [Prep 
"to"][] 
 []


Overfull \hbox (126.24614pt too wide) in paragraph at lines 30--30
 []                                                       \OT1/cmtt/m/n/10 [NP 
 [Nominal  [Noun "Boston"][] 
 []


Overfull \hbox (21.24706pt too wide) in paragraph at lines 30--30
 []                                                       \OT1/cmtt/m/n/10 ]]]]
]]]]]][] 
 []


Overfull \hbox (5.4972pt too wide) in paragraph at lines 41--41
 []                                          \OT1/cmtt/m/n/10 [Gerund V "to kno
w"][] 
 []


Overfull \hbox (42.24687pt too wide) in paragraph at lines 41--41
 []                                          \OT1/cmtt/m/n/10 [Nominal  [Noun "
flight"]]][] 
 []


Overfull \hbox (21.24706pt too wide) in paragraph at lines 53--53
 []                                          \OT1/cmtt/m/n/10 [PP  [Preposition
 "to"][] 
 []


Overfull \hbox (47.49683pt too wide) in paragraph at lines 53--53
 []                                            \OT1/cmtt/m/n/10 [NP [Proper Nou
n "Boston"][] 
 []

[1

{/usr/local/texlive/2014/texmf-var/fonts/map/pdftex/updmap/pdftex.map}]
[2]
Underfull \hbox (badness 10000) in paragraph at lines 58--59

 []


Underfull \hbox (badness 10000) in paragraph at lines 58--59

 []


Overfull \hbox (127.49588pt too wide) in paragraph at lines 72--72
[]\OT1/cmtt/m/n/10 sentence    :=  nomnp vp | vp | aux nomp vp | * Sing3rd sing
Verb | *nomPronoun pluralVerb;[] 
 []


Overfull \hbox (106.49606pt too wide) in paragraph at lines 72--72
[]\OT1/cmtt/m/n/10 nominal     :=  noun | nominal noun | nominal pp | nominal p
p pp | nominal rel-clause;[] 
 []


Overfull \hbox (80.24629pt too wide) in paragraph at lines 72--72
[]\OT1/cmtt/m/n/10 vp          :=  verb | verb acunp | verb acunp pp | verb pp 
| verb inf-marker vp;[] 
 []

[3] [4] (./HW2.aux) ) 
Here is how much of TeX's memory you used:
 270 strings out of 493117
 2980 string characters out of 6135433
 63909 words of memory out of 5000000
 3812 multiletter control sequences out of 15000+600000
 4116 words of font info for 16 fonts, out of 8000000 for 9000
 1141 hyphenation exceptions out of 8191
 23i,4n,17p,131b,239s stack positions out of 5000i,500n,10000p,200000b,80000s
</usr/local/texlive/2014/texmf-dist/fonts/type1/public/ams
fonts/cm/cmbx10.pfb></usr/local/texlive/2014/texmf-dist/fonts/type1/public/amsf
onts/cm/cmr10.pfb></usr/local/texlive/2014/texmf-dist/fonts/type1/public/amsfon
ts/cm/cmtt10.pfb>
Output written on HW2.pdf (4 pages, 49471 bytes).
PDF statistics:
 29 PDF objects out of 1000 (max. 8388607)
 19 compressed objects within 1 object stream
 0 named destinations out of 1000 (max. 500000)
 1 words of extra memory for PDF output out of 10000 (max. 10000000)

